<?xml version="1.0" encoding="UTF-8"?>
<testsuite xmlns:xsi="http://www.w3.org/2001/XMLSchema-instance" xsi:noNamespaceSchemaLocation="https://maven.apache.org/surefire/maven-surefire-plugin/xsd/surefire-test-report.xsd" name="TestSuite" time="525.501" tests="46" errors="0" skipped="0" failures="0">
  <properties>
[...]
</properties>
  <testcase name="enter_Valid_Email" classname="Sign_In_Tests.Sign_In_Nagwa_Chat_Educator" time="22.611"/>
  <testcase name="enter_Valid_Email" classname="Sign_In_Tests.Sign_In_Nagwa_Chat_Educator" time="15.41"/>
  <testcase name="enter_Valid_Email" classname="Sign_In_Tests.Sign_In_Nagwa_Chat_Educator" time="15.432"/>
  <testcase name="enter_Valid_Password" classname="Sign_In_Tests.Sign_In_Nagwa_Chat_Educator" time="13.26"/>
  <testcase name="enter_Valid_Password" classname="Sign_In_Tests.Sign_In_Nagwa_Chat_Educator" time="8.305"/>
  <testcase name="enter_Valid_Password" classname="Sign_In_Tests.Sign_In_Nagwa_Chat_Educator" time="10.062"/>
  <testcase name="open_chat_group" classname="Chat_Group_Tests.Open_Chat_group" time="15.453"/>
  <testcase name="open_chat_group" classname="Chat_Group_Tests.Open_Chat_group" time="11.482"/>
  <testcase name="open_chat_group" classname="Chat_Group_Tests.Open_Chat_group" time="15.35"/>
  <testcase name="open_chat_group" classname="Chat_Group_Tests.Open_Chat_group" time="11.339"/>
  <testcase name="send_English_text" classname="Send_Messages_Tests.Send_English_Text" time="18.181"/>
  <testcase name="send_English_text" classname="Send_Messages_Tests.Send_English_Text" time="19.839"/>
  <testcase name="send_Arabic_text" classname="Send_Messages_Tests.Send_Arabic_Text" time="13.83"/>
  <testcase name="send_numbers" classname="Send_Messages_Tests.Send_Numbers" time="12.386"/>
  <testcase name="send_Math_Symbols" classname="Send_Messages_Tests.Send_MathSymbols" time="13.907"/>
  <testcase name="send_Emojis_text" classname="Send_Messages_Tests.Send_Emojis" time="13.084"/>
  <testcase name="chatList" classname="Send_Messages_Tests.Send_Emojis" time="2.37"/>
  <testcase name="Sign_Out_Nagwa_Chat" classname="Sign_Out_Tests.Sign_Out" time="12.371"/>
  <testcase name="Sign_Out_Nagwa_Chat" classname="Sign_Out_Tests.Sign_Out" time="10.801"/>
  <testcase name="Sign_Out_Nagwa_Chat" classname="Sign_Out_Tests.Sign_Out" time="11.107"/>
  <testcase name="Sign_Out_Nagwa_Chat" classname="Sign_Out_Tests.Sign_Out" time="11.033"/>
  <testcase name="enter_Valid_User_Name" classname="Sign_In_Tests.Sign_In_Nagwa_Chat_Student" time="17.279"/>
  <testcase name="enter_Valid_User_Name" classname="Sign_In_Tests.Sign_In_Nagwa_Chat_Student" time="16.693"/>
  <testcase name="enter_Valid_Password" classname="Sign_In_Tests.Sign_In_Nagwa_Chat_Student" time="8.843"/>
  <testcase name="enter_Valid_Password" classname="Sign_In_Tests.Sign_In_Nagwa_Chat_Student" time="9.405"/>
  <testcase name="open_chat_group" classname="Receive_Messages_Tests.Open_Chat_group" time="11.162"/>
  <testcase name="receive_English_Text" classname="Receive_Messages_Tests.Receive_English_Text" time="2.282"/>
  <testcase name="receive_Arabic_Text" classname="Receive_Messages_Tests.Receive_Arabic_Text" time="2.708"/>
  <testcase name="receive_Numbers_Text" classname="Receive_Messages_Tests.Receive_Numbers_Text" time="2.445"/>
  <testcase name="receive_Math_Symbols" classname="Receive_Messages_Tests.Receive_Math_Symbols" time="2.635"/>
  <testcase name="receive_Emojis_Text" classname="Receive_Messages_Tests.Receive_Emojis_Text" time="2.625"/>
  <testcase name="SendPhoto" classname="Send_Photo_Tests.Send_Single_Photo" time="21.314"/>
  <testcase name="ViewPhotoInPhotoGallery" classname="Send_Photo_Tests.View_Last_Photo" time="7.602"/>
  <testcase name="receivePhoto" classname="Receive_photo_Tests.Receive_Single_Photo" time="1.658"/>
  <testcase name="ViewPhotoInPhotoGallery" classname="Receive_photo_Tests.View_Last_Photo" time="8.201"/>
  <testcase name="send_Audio" classname="Send_Audio_Tests.Send_Audio" time="21.325"/>
  <testcase name="cancel_recording" classname="Send_Audio_Tests.Cancel_Audio_Record_Test" time="13.654"/>
  <testcase name="playAudio" classname="Send_Audio_Tests.Playback_Audio_sent" time="5.274"/>
  <testcase name="open_chat_group" classname="Chat_List_Tests.Open_Chat_group" time="10.993"/>
  <testcase name="open_chat_group" classname="Chat_List_Tests.Open_Chat_group" time="11.138"/>
  <testcase name="receiveAudio" classname="Receive_Audio_Test.Receive_Audio" time="1.765"/>
  <testcase name="playAudio" classname="Receive_Audio_Test.Playback_Audio_received" time="4.52"/>
  <testcase name="User_Delete_Text_Message" classname="Delete_Tests.Delete_Text" time="8.119"/>
  <testcase name="User_Delete_Photo_Message" classname="Delete_Tests.Delete_Image" time="8.981"/>
  <testcase name="check_Delete_messages" classname="Delete_Tests.CheckDeleteText" time="3.518"/>
  <testcase name="User_Delete_Audio_Message" classname="Delete_Tests.Delete_Audio" time="8.955"/>
</testsuite>